[www.whereinwarcraft.net/index.html]
[backblue.gif]
[fade.gif]
[index.html]
[www.whereinwarcraft.net/favicon.ico]
[www.whereinwarcraft.net/css/style.css]
[unpkg.com/leaflet@1.3.1/dist/leaflet.css]
[pagead2.googlesyndication.com/pagead/js/f27d0.txt]
[unpkg.com/leaflet@1.3.1/dist/leaflet.js]
[ajax.googleapis.com/ajax/libs/jquery/3.3.1/jquery.min.js]
[www.whereinwarcraft.net/index.html]
[www.whereinwarcraft.net/js/game.min.js]
[www.whereinwarcraft.net/images/map-selector/map-icon-border.png]
[www.whereinwarcraft.net/images/map-selector/achievment_boss_madnessofdeathwing.png]
[www.whereinwarcraft.net/images/map-selector/achievement_boss_illidan.png]
[www.whereinwarcraft.net/images/map-selector/achievement_thenighthold_guldan.png]
[www.whereinwarcraft.net/images/map-selector/achievement_boss_zuldazar_jaina.png]
[www.whereinwarcraft.net/images/gamepad-crosshair.png]
[www.whereinwarcraft.net/images/zeppy.png]
[www.whereinwarcraft.net/css/style.css]
[unpkg.com/leaflet@1.3.1/dist/images/layers.png]
[unpkg.com/leaflet@1.3.1/dist/images/layers-2x.png]
[unpkg.com/leaflet@1.3.1/dist/leaflet.css]
[unpkg.com/leaflet@1.3.1/dist/images/marker-icon.png]
